<?xml version="1.0" encoding="UTF-8"?>
<!-- Generated by org.testng.reporters.JUnitXMLReporter -->
<testsuite hostname="Saiful-PC" ignored="0" name="Default test" tests="3" failures="0" timestamp="2020-05-22T10:11:32 EDT" time="56.0" errors="0">
  <testcase name="browsers" time="19.981" classname="facebook.faceTest"/>
  <testcase name="browsers" time="18.288" classname="facebook.faceTest"/>
  <testcase name="browsers" time="17.662" classname="facebook.faceTest"/>
</testsuite> <!-- Default test -->
