<?xml version="1.0" encoding="UTF-8"?>
<testng-results skipped="0" failed="0" ignored="0" total="3" passed="3">
  <reporter-output>
  </reporter-output>
  <suite name="Default suite" duration-ms="56000" started-at="2020-05-22T10:10:36 EDT" finished-at="2020-05-22T10:11:32 EDT">
    <groups>
    </groups>
    <test name="Default test" duration-ms="56000" started-at="2020-05-22T10:10:36 EDT" finished-at="2020-05-22T10:11:32 EDT">
      <class name="facebook.faceTest">
        <test-method status="PASS" signature="browsers(java.lang.String, java.lang.String, java.lang.String, java.lang.String, java.lang.String, java.lang.String)[pri:0, instance:facebook.faceTest@57e1b0c]" name="browsers" duration-ms="19981" started-at="2020-05-22T10:10:36 EDT" data-provider="getdata" finished-at="2020-05-22T10:10:56 EDT">
          <params>
            <param index="0">
              <value>
                <![CDATA[aman@kaman]]>
              </value>
            </param>
            <param index="1">
              <value>
                <![CDATA[12345]]>
              </value>
            </param>
            <param index="2">
              <value>
                <![CDATA[mukul]]>
              </value>
            </param>
            <param index="3">
              <value>
                <![CDATA[diba]]>
              </value>
            </param>
            <param index="4">
              <value>
                <![CDATA[54321]]>
              </value>
            </param>
            <param index="5">
              <value>
                <![CDATA[amin8765]]>
              </value>
            </param>
          </params>
          <reporter-output>
          </reporter-output>
        </test-method> <!-- browsers -->
        <test-method status="PASS" signature="browsers(java.lang.String, java.lang.String, java.lang.String, java.lang.String, java.lang.String, java.lang.String)[pri:0, instance:facebook.faceTest@57e1b0c]" name="browsers" duration-ms="18288" started-at="2020-05-22T10:10:56 EDT" data-provider="getdata" finished-at="2020-05-22T10:11:15 EDT">
          <params>
            <param index="0">
              <value>
                <![CDATA[amanam@kaman]]>
              </value>
            </param>
            <param index="1">
              <value>
                <![CDATA[am12345]]>
              </value>
            </param>
            <param index="2">
              <value>
                <![CDATA[ammukul]]>
              </value>
            </param>
            <param index="3">
              <value>
                <![CDATA[amdiba]]>
              </value>
            </param>
            <param index="4">
              <value>
                <![CDATA[am54321]]>
              </value>
            </param>
            <param index="5">
              <value>
                <![CDATA[amamin8765]]>
              </value>
            </param>
          </params>
          <reporter-output>
          </reporter-output>
        </test-method> <!-- browsers -->
        <test-method status="PASS" signature="browsers(java.lang.String, java.lang.String, java.lang.String, java.lang.String, java.lang.String, java.lang.String)[pri:0, instance:facebook.faceTest@57e1b0c]" name="browsers" duration-ms="17662" started-at="2020-05-22T10:11:15 EDT" data-provider="getdata" finished-at="2020-05-22T10:11:32 EDT">
          <params>
            <param index="0">
              <value>
                <![CDATA[amanam@kaman]]>
              </value>
            </param>
            <param index="1">
              <value>
                <![CDATA[am12345]]>
              </value>
            </param>
            <param index="2">
              <value>
                <![CDATA[ammukul]]>
              </value>
            </param>
            <param index="3">
              <value>
                <![CDATA[amdiba]]>
              </value>
            </param>
            <param index="4">
              <value>
                <![CDATA[am54321]]>
              </value>
            </param>
            <param index="5">
              <value>
                <![CDATA[amamin8765]]>
              </value>
            </param>
          </params>
          <reporter-output>
          </reporter-output>
        </test-method> <!-- browsers -->
      </class> <!-- facebook.faceTest -->
    </test> <!-- Default test -->
  </suite> <!-- Default suite -->
</testng-results>
